openIM/build/outputs/logs/manifest-merger-debug-report.txt
-- Merging decision tree log ---
manifest
ADDED from src\main\AndroidManifest.xml:2:1-208:12
	xmlns:android
		ADDED from src\main\AndroidManifest.xml:2:11-69
	package
		ADDED from src\main\AndroidManifest.xml:3:5-26
		INJECTED from src\main\AndroidManifest.xml
		INJECTED from src\main\AndroidManifest.xml
	android:versionName
		ADDED from src\main\AndroidManifest.xml:6:5-37
		INJECTED from src\main\AndroidManifest.xml
		INJECTED from src\main\AndroidManifest.xml
	android:versionCode
		ADDED from src\main\AndroidManifest.xml:5:5-28
		INJECTED from src\main\AndroidManifest.xml
		INJECTED from src\main\AndroidManifest.xml
	android:installLocation
		ADDED from src\main\AndroidManifest.xml:4:5-35
uses-permission#android.permission.INTERNET
ADDED from src\main\AndroidManifest.xml:8:5-67
	android:name
		ADDED from src\main\AndroidManifest.xml:8:22-64
uses-permission#android.permission.SYSTEM_ALERT_WINDOW
ADDED from src\main\AndroidManifest.xml:9:5-78
	android:name
		ADDED from src\main\AndroidManifest.xml:9:22-75
uses-permission#android.permission.VIBRATE
ADDED from src\main\AndroidManifest.xml:10:5-66
	android:name
		ADDED from src\main\AndroidManifest.xml:10:22-63
uses-permission#android.permission.CAMERA
ADDED from src\main\AndroidManifest.xml:11:5-65
	android:name
		ADDED from src\main\AndroidManifest.xml:11:22-62
uses-permission#android.permission.WAKE_LOCK
ADDED from src\main\AndroidManifest.xml:12:5-68
	android:name
		ADDED from src\main\AndroidManifest.xml:12:22-65
uses-permission#android.permission.FLASHLIGHT
ADDED from src\main\AndroidManifest.xml:13:5-69
	android:name
		ADDED from src\main\AndroidManifest.xml:13:22-66
uses-permission#android.permission.WRITE_EXTERNAL_STORAGE
ADDED from src\main\AndroidManifest.xml:14:5-81
	android:name
		ADDED from src\main\AndroidManifest.xml:14:22-78
uses-permission#android.permission.RECORD_AUDIO
ADDED from src\main\AndroidManifest.xml:15:5-71
	android:name
		ADDED from src\main\AndroidManifest.xml:15:22-68
uses-permission#android.permission.GET_TASKS
ADDED from src\main\AndroidManifest.xml:16:5-68
	android:name
		ADDED from src\main\AndroidManifest.xml:16:22-65
uses-permission#android.permission.GET_ACCOUNTS
ADDED from src\main\AndroidManifest.xml:19:5-71
	android:name
		ADDED from src\main\AndroidManifest.xml:19:22-68
uses-permission#android.permission.USE_CREDENTIALS
ADDED from src\main\AndroidManifest.xml:20:5-74
	android:name
		ADDED from src\main\AndroidManifest.xml:20:22-71
uses-permission#android.permission.MANAGE_ACCOUNTS
ADDED from src\main\AndroidManifest.xml:21:5-74
	android:name
		ADDED from src\main\AndroidManifest.xml:21:22-71
uses-permission#android.permission.AUTHENTICATE_ACCOUNTS
ADDED from src\main\AndroidManifest.xml:22:5-80
	android:name
		ADDED from src\main\AndroidManifest.xml:22:22-77
uses-permission#android.permission.ACCESS_NETWORK_STATE
ADDED from src\main\AndroidManifest.xml:23:5-79
	android:name
		ADDED from src\main\AndroidManifest.xml:23:22-76
uses-permission#com.android.launcher.permission.READ_SETTINGS
ADDED from src\main\AndroidManifest.xml:25:5-85
	android:name
		ADDED from src\main\AndroidManifest.xml:25:22-82
uses-permission#android.permission.CHANGE_WIFI_STATE
ADDED from src\main\AndroidManifest.xml:26:5-76
	android:name
		ADDED from src\main\AndroidManifest.xml:26:22-73
uses-permission#android.permission.ACCESS_WIFI_STATE
ADDED from src\main\AndroidManifest.xml:27:5-76
	android:name
		ADDED from src\main\AndroidManifest.xml:27:22-73
uses-permission#android.permission.READ_PHONE_STATE
ADDED from src\main\AndroidManifest.xml:28:5-75
	android:name
		ADDED from src\main\AndroidManifest.xml:28:22-72
uses-permission#android.permission.BROADCAST_STICKY
ADDED from src\main\AndroidManifest.xml:30:5-75
	android:name
		ADDED from src\main\AndroidManifest.xml:30:22-72
uses-permission#android.permission.WRITE_SETTINGS
ADDED from src\main\AndroidManifest.xml:31:5-73
	android:name
		ADDED from src\main\AndroidManifest.xml:31:22-70
uses-permission#android.permission.ACCESS_LOCATION_EXTRA_COMMANDS
ADDED from src\main\AndroidManifest.xml:32:5-89
	android:name
		ADDED from src\main\AndroidManifest.xml:32:22-86
uses-permission#android.permission.ACCESS_COARSE_LOCATION
ADDED from src\main\AndroidManifest.xml:33:5-81
	android:name
		ADDED from src\main\AndroidManifest.xml:33:22-78
uses-permission#android.permission.ACCESS_FINE_LOCATION
ADDED from src\main\AndroidManifest.xml:34:5-79
	android:name
		ADDED from src\main\AndroidManifest.xml:34:22-76
uses-permission#android.permission.ACCESS_GPS
ADDED from src\main\AndroidManifest.xml:35:5-69
	android:name
		ADDED from src\main\AndroidManifest.xml:35:22-66
permission#com.open.im.permission.JPUSH_MESSAGE
ADDED from src\main\AndroidManifest.xml:39:5-41:47
	android:protectionLevel
		ADDED from src\main\AndroidManifest.xml:41:9-44
	android:name
		ADDED from src\main\AndroidManifest.xml:40:9-60
uses-permission#com.open.im.permission.JPUSH_MESSAGE
ADDED from src\main\AndroidManifest.xml:43:5-76
	android:name
		ADDED from src\main\AndroidManifest.xml:43:22-73
uses-permission#android.permission.RECEIVE_USER_PRESENT
ADDED from src\main\AndroidManifest.xml:44:5-79
	android:name
		ADDED from src\main\AndroidManifest.xml:44:22-76
uses-permission#android.permission.READ_EXTERNAL_STORAGE
ADDED from src\main\AndroidManifest.xml:49:5-80
	android:name
		ADDED from src\main\AndroidManifest.xml:49:22-77
uses-permission#android.permission.MOUNT_UNMOUNT_FILESYSTEMS
ADDED from src\main\AndroidManifest.xml:51:5-84
	android:name
		ADDED from src\main\AndroidManifest.xml:51:22-81
application
ADDED from src\main\AndroidManifest.xml:55:5-206:19
MERGED from [com.android.support:support-v4:23.0.0] AndroidManifest.xml:22:5-20
MERGED from [TestLib:emojicon:unspecified] AndroidManifest.xml:9:5-12:19
MERGED from [com.android.support:support-v4:23.0.0] AndroidManifest.xml:22:5-20
MERGED from [com.google.android.gms:play-services-appindexing:8.4.0] AndroidManifest.xml:19:5-20
MERGED from [com.google.android.gms:play-services-basement:8.4.0] AndroidManifest.xml:20:5-24:19
MERGED from [com.android.support:support-v4:23.0.0] AndroidManifest.xml:22:5-20
	android:label
		ADDED from [TestLib:emojicon:unspecified] AndroidManifest.xml:11:9-41
	android:allowBackup
		ADDED from src\main\AndroidManifest.xml:57:9-35
	android:icon
		ADDED from src\main\AndroidManifest.xml:58:9-43
	android:theme
		ADDED from src\main\AndroidManifest.xml:59:9-40
	android:name
		ADDED from src\main\AndroidManifest.xml:56:9-34
service#cn.jpush.android.service.PushService
ADDED from src\main\AndroidManifest.xml:65:9-76:19
	android:process
		ADDED from src\main\AndroidManifest.xml:69:13-38
	android:exported
		ADDED from src\main\AndroidManifest.xml:68:13-37
	android:enabled
		ADDED from src\main\AndroidManifest.xml:67:13-35
	android:name
		ADDED from src\main\AndroidManifest.xml:66:13-64
intent-filter#cn.jpush.android.intent.PUSH_TIME+cn.jpush.android.intent.PushService+cn.jpush.android.intent.REGISTER+cn.jpush.android.intent.REPORT
ADDED from src\main\AndroidManifest.xml:70:13-75:29
action#cn.jpush.android.intent.REGISTER
ADDED from src\main\AndroidManifest.xml:71:17-75
	android:name
		ADDED from src\main\AndroidManifest.xml:71:25-72
action#cn.jpush.android.intent.REPORT
ADDED from src\main\AndroidManifest.xml:72:17-73
	android:name
		ADDED from src\main\AndroidManifest.xml:72:25-70
action#cn.jpush.android.intent.PushService
ADDED from src\main\AndroidManifest.xml:73:17-78
	android:name
		ADDED from src\main\AndroidManifest.xml:73:25-75
action#cn.jpush.android.intent.PUSH_TIME
ADDED from src\main\AndroidManifest.xml:74:17-76
	android:name
		ADDED from src\main\AndroidManifest.xml:74:25-73
service#cn.jpush.android.service.DaemonService
ADDED from src\main\AndroidManifest.xml:79:9-87:19
	android:exported
		ADDED from src\main\AndroidManifest.xml:82:13-36
	android:enabled
		ADDED from src\main\AndroidManifest.xml:81:13-35
	android:name
		ADDED from src\main\AndroidManifest.xml:80:13-66
intent-filter#cn.jpush.android.intent.DaemonService+com.open.im
ADDED from src\main\AndroidManifest.xml:83:13-86:29
action#cn.jpush.android.intent.DaemonService
ADDED from src\main\AndroidManifest.xml:84:17-80
	android:name
		ADDED from src\main\AndroidManifest.xml:84:25-77
category#com.open.im
ADDED from src\main\AndroidManifest.xml:85:17-56
	android:name
		ADDED from src\main\AndroidManifest.xml:85:27-53
receiver#cn.jpush.android.service.PushReceiver
ADDED from src\main\AndroidManifest.xml:89:9-107:20
	android:enabled
		ADDED from src\main\AndroidManifest.xml:91:13-35
	android:name
		ADDED from src\main\AndroidManifest.xml:90:13-65
intent-filter#cn.jpush.android.intent.NOTIFICATION_RECEIVED_PROXY+com.open.im
ADDED from src\main\AndroidManifest.xml:92:13-95:29
	android:priority
		ADDED from src\main\AndroidManifest.xml:92:28-51
action#cn.jpush.android.intent.NOTIFICATION_RECEIVED_PROXY
ADDED from src\main\AndroidManifest.xml:93:17-94
	android:name
		ADDED from src\main\AndroidManifest.xml:93:25-91
intent-filter#android.intent.action.USER_PRESENT+android.net.conn.CONNECTIVITY_CHANGE
ADDED from src\main\AndroidManifest.xml:96:13-99:29
action#android.intent.action.USER_PRESENT
ADDED from src\main\AndroidManifest.xml:97:17-77
	android:name
		ADDED from src\main\AndroidManifest.xml:97:25-74
action#android.net.conn.CONNECTIVITY_CHANGE
ADDED from src\main\AndroidManifest.xml:98:17-79
	android:name
		ADDED from src\main\AndroidManifest.xml:98:25-76
intent-filter#android.intent.action.PACKAGE_ADDED+android.intent.action.PACKAGE_REMOVED
ADDED from src\main\AndroidManifest.xml:101:13-106:29
action#android.intent.action.PACKAGE_ADDED
ADDED from src\main\AndroidManifest.xml:102:17-78
	android:name
		ADDED from src\main\AndroidManifest.xml:102:25-75
action#android.intent.action.PACKAGE_REMOVED
ADDED from src\main\AndroidManifest.xml:103:17-80
	android:name
		ADDED from src\main\AndroidManifest.xml:103:25-77
data
ADDED from src\main\AndroidManifest.xml:105:17-50
	android:scheme
		ADDED from src\main\AndroidManifest.xml:105:23-47
activity#cn.jpush.android.ui.PushActivity
ADDED from src\main\AndroidManifest.xml:109:9-119:20
	android:configChanges
		ADDED from src\main\AndroidManifest.xml:111:13-63
	android:exported
		ADDED from src\main\AndroidManifest.xml:112:13-37
	android:name
		ADDED from src\main\AndroidManifest.xml:110:13-60
intent-filter#android.intent.category.DEFAULT+cn.jpush.android.ui.PushActivity+com.open.im
ADDED from src\main\AndroidManifest.xml:113:13-118:29
action#cn.jpush.android.ui.PushActivity
ADDED from src\main\AndroidManifest.xml:114:17-75
	android:name
		ADDED from src\main\AndroidManifest.xml:114:25-72
category#android.intent.category.DEFAULT
ADDED from src\main\AndroidManifest.xml:116:17-76
	android:name
		ADDED from src\main\AndroidManifest.xml:116:27-73
service#cn.jpush.android.service.DownloadService
ADDED from src\main\AndroidManifest.xml:121:9-124:39
	android:exported
		ADDED from src\main\AndroidManifest.xml:124:13-37
	android:enabled
		ADDED from src\main\AndroidManifest.xml:123:13-35
	android:name
		ADDED from src\main\AndroidManifest.xml:122:13-68
receiver#cn.jpush.android.service.AlarmReceiver
ADDED from src\main\AndroidManifest.xml:126:9-75
	android:name
		ADDED from src\main\AndroidManifest.xml:126:19-72
receiver#com.open.im.receiver.MyPushReceiver
ADDED from src\main\AndroidManifest.xml:128:9-146:20
	android:enabled
		ADDED from src\main\AndroidManifest.xml:130:13-35
	android:name
		ADDED from src\main\AndroidManifest.xml:129:13-63
intent-filter#cn.jpush.android.intent.ACTION_RICHPUSH_CALLBACK+cn.jpush.android.intent.CONNECTION+cn.jpush.android.intent.MESSAGE_RECEIVED+cn.jpush.android.intent.NOTIFICATION_OPENED+cn.jpush.android.intent.NOTIFICATION_RECEIVED+cn.jpush.android.intent.REGISTRATION+com.open.im
ADDED from src\main\AndroidManifest.xml:131:13-145:29
action#cn.jpush.android.intent.REGISTRATION
ADDED from src\main\AndroidManifest.xml:133:17-79
	android:name
		ADDED from src\main\AndroidManifest.xml:133:25-76
action#cn.jpush.android.intent.MESSAGE_RECEIVED
ADDED from src\main\AndroidManifest.xml:135:17-83
	android:name
		ADDED from src\main\AndroidManifest.xml:135:25-80
action#cn.jpush.android.intent.NOTIFICATION_RECEIVED
ADDED from src\main\AndroidManifest.xml:137:17-88
	android:name
		ADDED from src\main\AndroidManifest.xml:137:25-85
action#cn.jpush.android.intent.NOTIFICATION_OPENED
ADDED from src\main\AndroidManifest.xml:139:17-86
	android:name
		ADDED from src\main\AndroidManifest.xml:139:25-83
action#cn.jpush.android.intent.ACTION_RICHPUSH_CALLBACK
ADDED from src\main\AndroidManifest.xml:141:17-91
	android:name
		ADDED from src\main\AndroidManifest.xml:141:25-88
action#cn.jpush.android.intent.CONNECTION
ADDED from src\main\AndroidManifest.xml:143:17-77
	android:name
		ADDED from src\main\AndroidManifest.xml:143:25-74
meta-data#JPUSH_APPKEY
ADDED from src\main\AndroidManifest.xml:148:9-150:56
	android:name
		ADDED from src\main\AndroidManifest.xml:149:13-40
	android:value
		ADDED from src\main\AndroidManifest.xml:150:13-53
meta-data#com.baidu.lbsapi.API_KEY
ADDED from src\main\AndroidManifest.xml:153:9-155:56
	android:name
		ADDED from src\main\AndroidManifest.xml:154:13-52
	android:value
		ADDED from src\main\AndroidManifest.xml:155:13-53
service#com.baidu.location.f
ADDED from src\main\AndroidManifest.xml:157:9-160:41
	android:process
		ADDED from src\main\AndroidManifest.xml:160:13-38
	android:enabled
		ADDED from src\main\AndroidManifest.xml:159:13-35
	android:name
		ADDED from src\main\AndroidManifest.xml:158:13-48
activity#com.open.im.activity.SplashActivity
ADDED from src\main\AndroidManifest.xml:162:9-171:20
	android:theme
		ADDED from src\main\AndroidManifest.xml:165:13-47
	android:name
		ADDED from src\main\AndroidManifest.xml:163:13-63
	android:alwaysRetainTaskState
		ADDED from src\main\AndroidManifest.xml:164:13-49
intent-filter#android.intent.action.MAIN+android.intent.category.LAUNCHER
ADDED from src\main\AndroidManifest.xml:166:13-170:29
action#android.intent.action.MAIN
ADDED from src\main\AndroidManifest.xml:167:17-69
	android:name
		ADDED from src\main\AndroidManifest.xml:167:25-66
category#android.intent.category.LAUNCHER
ADDED from src\main\AndroidManifest.xml:169:17-77
	android:name
		ADDED from src\main\AndroidManifest.xml:169:27-74
activity#com.open.im.activity.LoginActivity
ADDED from src\main\AndroidManifest.xml:172:9-71
	android:name
		ADDED from src\main\AndroidManifest.xml:172:19-68
activity#com.open.im.activity.RegisterActivity
ADDED from src\main\AndroidManifest.xml:173:9-74
	android:name
		ADDED from src\main\AndroidManifest.xml:173:19-71
activity#com.open.im.activity.RegisterSuccessActivity
ADDED from src\main\AndroidManifest.xml:174:9-81
	android:name
		ADDED from src\main\AndroidManifest.xml:174:19-78
activity#com.open.im.activity.MainActivity
ADDED from src\main\AndroidManifest.xml:175:9-177:47
	android:name
		ADDED from src\main\AndroidManifest.xml:176:13-61
	android:launchMode
		ADDED from src\main\AndroidManifest.xml:177:13-44
activity#com.open.im.activity.AddFriendActivity
ADDED from src\main\AndroidManifest.xml:178:9-75
	android:name
		ADDED from src\main\AndroidManifest.xml:178:19-72
activity#com.open.im.activity.ChatActivity
ADDED from src\main\AndroidManifest.xml:179:9-181:70
	android:windowSoftInputMode
		ADDED from src\main\AndroidManifest.xml:181:13-67
	android:name
		ADDED from src\main\AndroidManifest.xml:180:13-61
activity#com.open.im.activity.UpdatePasswordActivity
ADDED from src\main\AndroidManifest.xml:182:9-80
	android:name
		ADDED from src\main\AndroidManifest.xml:182:19-77
activity#com.open.im.activity.SubscribeActivity
ADDED from src\main\AndroidManifest.xml:183:9-75
	android:name
		ADDED from src\main\AndroidManifest.xml:183:19-72
activity#com.open.im.activity.UserInfoActivity
ADDED from src\main\AndroidManifest.xml:184:9-74
	android:name
		ADDED from src\main\AndroidManifest.xml:184:19-71
activity#com.open.im.activity.UserInfoUpdateActivity
ADDED from src\main\AndroidManifest.xml:185:9-80
	android:name
		ADDED from src\main\AndroidManifest.xml:185:19-77
activity#com.open.im.activity.UserSexUpdateActivity
ADDED from src\main\AndroidManifest.xml:186:9-79
	android:name
		ADDED from src\main\AndroidManifest.xml:186:19-76
activity#com.open.im.activity.SettingActivity
ADDED from src\main\AndroidManifest.xml:187:9-73
	android:name
		ADDED from src\main\AndroidManifest.xml:187:19-70
activity#com.open.im.activity.ReLoginActivity
ADDED from src\main\AndroidManifest.xml:188:9-73
	android:name
		ADDED from src\main\AndroidManifest.xml:188:19-70
activity#com.open.im.activity.CleanCacheActivity
ADDED from src\main\AndroidManifest.xml:189:9-76
	android:name
		ADDED from src\main\AndroidManifest.xml:189:19-73
activity#com.open.im.activity.ClientActivity
ADDED from src\main\AndroidManifest.xml:190:9-72
	android:name
		ADDED from src\main\AndroidManifest.xml:190:19-69
activity#com.open.im.activity.AvatarActivity
ADDED from src\main\AndroidManifest.xml:191:9-72
	android:name
		ADDED from src\main\AndroidManifest.xml:191:19-69
activity#com.open.im.activity.ShowImageActivity
ADDED from src\main\AndroidManifest.xml:192:9-75
	android:name
		ADDED from src\main\AndroidManifest.xml:192:19-72
service#com.open.im.service.IMService
ADDED from src\main\AndroidManifest.xml:195:9-65
	android:name
		ADDED from src\main\AndroidManifest.xml:195:18-62
receiver#com.open.im.receiver.TickAlarmReceiver
ADDED from src\main\AndroidManifest.xml:197:9-63
	android:name
		ADDED from src\main\AndroidManifest.xml:197:19-61
activity#com.open.im.baidumap.BaiduMapActivity
ADDED from src\main\AndroidManifest.xml:200:9-74
	android:name
		ADDED from src\main\AndroidManifest.xml:200:19-71
meta-data#com.google.android.gms.version
ADDED from src\main\AndroidManifest.xml:203:9-205:69
MERGED from [com.google.android.gms:play-services-basement:8.4.0] AndroidManifest.xml:21:9-23:69
	android:name
		ADDED from src\main\AndroidManifest.xml:204:13-58
	android:value
		ADDED from src\main\AndroidManifest.xml:205:13-66
uses-sdk
INJECTED from src\main\AndroidManifest.xml reason: use-sdk injection requested
MERGED from [com.android.support:support-v4:23.0.0] AndroidManifest.xml:20:5-43
MERGED from [TestLib:emojicon:unspecified] AndroidManifest.xml:5:5-7:41
MERGED from [com.android.support:support-v4:23.0.0] AndroidManifest.xml:20:5-43
MERGED from [com.google.android.gms:play-services-appindexing:8.4.0] AndroidManifest.xml:18:5-42
MERGED from [com.google.android.gms:play-services-base:8.4.0] AndroidManifest.xml:18:5-42
MERGED from [com.google.android.gms:play-services-basement:8.4.0] AndroidManifest.xml:18:5-42
MERGED from [com.android.support:support-v4:23.0.0] AndroidManifest.xml:20:5-43
	android:targetSdkVersion
		INJECTED from src\main\AndroidManifest.xml
		INJECTED from src\main\AndroidManifest.xml
	android:minSdkVersion
		INJECTED from src\main\AndroidManifest.xml
		INJECTED from src\main\AndroidManifest.xml